<?xml version="1.0" encoding="UTF-8"?>
<testng-results ignored="0" total="1" passed="1" failed="0" skipped="0">
  <reporter-output>
  </reporter-output>
  <suite started-at="2023-09-18T14:32:43 IST" name="Default suite" finished-at="2023-09-18T14:32:50 IST" duration-ms="7066">
    <groups>
    </groups>
    <test started-at="2023-09-18T14:32:43 IST" name="Default test" finished-at="2023-09-18T14:32:50 IST" duration-ms="7066">
      <class name="ObjectsCount">
        <test-method signature="Totalcount()[pri:0, instance:ObjectsCount@158da8e]" started-at="2023-09-18T14:32:43 IST" name="Totalcount" finished-at="2023-09-18T14:32:50 IST" duration-ms="7005" status="PASS">
          <reporter-output>
          </reporter-output>
        </test-method> <!-- Totalcount -->
      </class> <!-- ObjectsCount -->
    </test> <!-- Default test -->
  </suite> <!-- Default suite -->
</testng-results>
